<?xml version="1.0" encoding="UTF-8"?>
<testsuite name="Utilities.TestRunner" tests="0" skipped="0" failures="0" errors="0" timestamp="1970-01-01T00:00:00" hostname="Rendys-MBP" time="0.0">
  <properties/>
  <system-out><![CDATA[
?[31mFailed scenarios:?[0m
?[31msrc/test/resources/features/CurrencyConverter.feature:9 ?[0m# Error displayed if no amount entered when converting FX rates

2 Scenarios (?[31m1 failed?[0m, ?[32m1 passed?[0m)
9 Steps (?[31m1 failed?[0m, ?[32m8 passed?[0m)
0m21.390s

org.junit.ComparisonFailure: expected:<... you want to convert[]> but was:<... you want to convert[.]>
	at org.junit.Assert.assertEquals(Assert.java:115)
	at org.junit.Assert.assertEquals(Assert.java:144)
	at stepdefs.CurrencyConverterStepDefinitions.verifyErrorMessage(CurrencyConverterStepDefinitions.java:52)
	at ✽.I see a currency conversion error stating "Please enter the amount you want to convert"(src/test/resources/features/CurrencyConverter.feature:12)

]]></system-out>
  <system-err><![CDATA[]]></system-err>
</testsuite>
